<?xml version="1.0" encoding="UTF-8"?>
<testng-results ignored="0" total="1" passed="1" failed="0" skipped="0">
  <reporter-output>
    <line>
      <![CDATA[LOGIN]]>
    </line>
  </reporter-output>
  <suite started-at="2023-07-15T16:05:21 IST" name="Default suite" finished-at="2023-07-15T16:05:37 IST" duration-ms="16216">
    <groups>
    </groups>
    <test started-at="2023-07-15T16:05:21 IST" name="Default test" finished-at="2023-07-15T16:05:37 IST" duration-ms="16216">
      <class name="com.mobileNG.MobileNG">
        <test-method is-config="true" signature="dbconfig()[pri:0, instance:com.mobileNG.MobileNG@3cebbb30]" started-at="2023-07-15T16:05:21 IST" name="dbconfig" finished-at="2023-07-15T16:05:21 IST" duration-ms="5" status="PASS">
          <reporter-output>
          </reporter-output>
        </test-method> <!-- dbconfig -->
        <test-method is-config="true" signature="Launchbrowser()[pri:0, instance:com.mobileNG.MobileNG@3cebbb30]" started-at="2023-07-15T16:05:21 IST" name="Launchbrowser" finished-at="2023-07-15T16:05:27 IST" duration-ms="5594" status="PASS">
          <reporter-output>
          </reporter-output>
        </test-method> <!-- Launchbrowser -->
        <test-method is-config="true" signature="login()[pri:0, instance:com.mobileNG.MobileNG@3cebbb30]" started-at="2023-07-15T16:05:27 IST" name="login" finished-at="2023-07-15T16:05:27 IST" duration-ms="0" status="PASS">
          <reporter-output>
          </reporter-output>
        </test-method> <!-- login -->
        <test-method signature="loginICICIBank()[pri:0, instance:com.mobileNG.MobileNG@3cebbb30]" started-at="2023-07-15T16:05:27 IST" name="loginICICIBank" finished-at="2023-07-15T16:05:36 IST" duration-ms="9025" status="PASS">
          <reporter-output>
            <line>
              <![CDATA[LOGIN]]>
            </line>
          </reporter-output>
        </test-method> <!-- loginICICIBank -->
        <test-method is-config="true" signature="logout()[pri:0, instance:com.mobileNG.MobileNG@3cebbb30]" started-at="2023-07-15T16:05:36 IST" name="logout" finished-at="2023-07-15T16:05:36 IST" duration-ms="0" status="PASS">
          <reporter-output>
          </reporter-output>
        </test-method> <!-- logout -->
        <test-method is-config="true" signature="closebrowser()[pri:0, instance:com.mobileNG.MobileNG@3cebbb30]" started-at="2023-07-15T16:05:36 IST" name="closebrowser" finished-at="2023-07-15T16:05:37 IST" duration-ms="1564" status="PASS">
          <reporter-output>
          </reporter-output>
        </test-method> <!-- closebrowser -->
        <test-method is-config="true" signature="dbclose()[pri:0, instance:com.mobileNG.MobileNG@3cebbb30]" started-at="2023-07-15T16:05:37 IST" name="dbclose" finished-at="2023-07-15T16:05:37 IST" duration-ms="0" status="PASS">
          <reporter-output>
          </reporter-output>
        </test-method> <!-- dbclose -->
      </class> <!-- com.mobileNG.MobileNG -->
    </test> <!-- Default test -->
  </suite> <!-- Default suite -->
</testng-results>
